Performing C SOURCE FILE Test CHECK_CPU_ARCHITECTURE_X86 failed with the following output:
Change Dir: /home/buz/code/amongus-3d/lib/CMakeFiles/CMakeTmp

Run Build Command(s):/usr/bin/gmake -f Makefile cmTC_4d1c6/fast && gmake[1]: Entering directory '/home/buz/code/amongus-3d/lib/CMakeFiles/CMakeTmp'
/usr/bin/gmake  -f CMakeFiles/cmTC_4d1c6.dir/build.make CMakeFiles/cmTC_4d1c6.dir/build
gmake[2]: Entering directory '/home/buz/code/amongus-3d/lib/CMakeFiles/CMakeTmp'
Building C object CMakeFiles/cmTC_4d1c6.dir/src.c.o
/usr/bin/clang -DCHECK_CPU_ARCHITECTURE_X86   -MD -MT CMakeFiles/cmTC_4d1c6.dir/src.c.o -MF CMakeFiles/cmTC_4d1c6.dir/src.c.o.d -o CMakeFiles/cmTC_4d1c6.dir/src.c.o -c /home/buz/code/amongus-3d/lib/CMakeFiles/CMakeTmp/src.c
/home/buz/code/amongus-3d/lib/CMakeFiles/CMakeTmp/src.c:6:3: error: use of undeclared identifier 'choke'
  choke
  ^
1 error generated.
gmake[2]: *** [CMakeFiles/cmTC_4d1c6.dir/build.make:79: CMakeFiles/cmTC_4d1c6.dir/src.c.o] Error 1
gmake[2]: Leaving directory '/home/buz/code/amongus-3d/lib/CMakeFiles/CMakeTmp'
gmake[1]: *** [Makefile:127: cmTC_4d1c6/fast] Error 2
gmake[1]: Leaving directory '/home/buz/code/amongus-3d/lib/CMakeFiles/CMakeTmp'


Source file was:

int main(int argc, char *argv[]) {
#if defined(__i386__) || defined(__i486__) || defined(__i586__) || defined(__i686__) ||defined( __i386) || defined(_M_IX86)
  return 0;
#else
  choke
#endif
}

Performing C SOURCE FILE Test CHECK_CPU_ARCHITECTURE_ARM32 failed with the following output:
Change Dir: /home/buz/code/amongus-3d/lib/CMakeFiles/CMakeTmp

Run Build Command(s):/usr/bin/gmake -f Makefile cmTC_675ea/fast && gmake[1]: Entering directory '/home/buz/code/amongus-3d/lib/CMakeFiles/CMakeTmp'
/usr/bin/gmake  -f CMakeFiles/cmTC_675ea.dir/build.make CMakeFiles/cmTC_675ea.dir/build
gmake[2]: Entering directory '/home/buz/code/amongus-3d/lib/CMakeFiles/CMakeTmp'
Building C object CMakeFiles/cmTC_675ea.dir/src.c.o
/usr/bin/clang -DCHECK_CPU_ARCHITECTURE_ARM32   -MD -MT CMakeFiles/cmTC_675ea.dir/src.c.o -MF CMakeFiles/cmTC_675ea.dir/src.c.o.d -o CMakeFiles/cmTC_675ea.dir/src.c.o -c /home/buz/code/amongus-3d/lib/CMakeFiles/CMakeTmp/src.c
/home/buz/code/amongus-3d/lib/CMakeFiles/CMakeTmp/src.c:6:3: error: use of undeclared identifier 'choke'
  choke
  ^
1 error generated.
gmake[2]: *** [CMakeFiles/cmTC_675ea.dir/build.make:79: CMakeFiles/cmTC_675ea.dir/src.c.o] Error 1
gmake[2]: Leaving directory '/home/buz/code/amongus-3d/lib/CMakeFiles/CMakeTmp'
gmake[1]: *** [Makefile:127: cmTC_675ea/fast] Error 2
gmake[1]: Leaving directory '/home/buz/code/amongus-3d/lib/CMakeFiles/CMakeTmp'


Source file was:

int main(int argc, char *argv[]) {
#if defined(__arm__) || defined(_M_ARM)
  return 0;
#else
  choke
#endif
}

Performing C SOURCE FILE Test CHECK_CPU_ARCHITECTURE_ARM64 failed with the following output:
Change Dir: /home/buz/code/amongus-3d/lib/CMakeFiles/CMakeTmp

Run Build Command(s):/usr/bin/gmake -f Makefile cmTC_4ff5d/fast && gmake[1]: Entering directory '/home/buz/code/amongus-3d/lib/CMakeFiles/CMakeTmp'
/usr/bin/gmake  -f CMakeFiles/cmTC_4ff5d.dir/build.make CMakeFiles/cmTC_4ff5d.dir/build
gmake[2]: Entering directory '/home/buz/code/amongus-3d/lib/CMakeFiles/CMakeTmp'
Building C object CMakeFiles/cmTC_4ff5d.dir/src.c.o
/usr/bin/clang -DCHECK_CPU_ARCHITECTURE_ARM64   -MD -MT CMakeFiles/cmTC_4ff5d.dir/src.c.o -MF CMakeFiles/cmTC_4ff5d.dir/src.c.o.d -o CMakeFiles/cmTC_4ff5d.dir/src.c.o -c /home/buz/code/amongus-3d/lib/CMakeFiles/CMakeTmp/src.c
/home/buz/code/amongus-3d/lib/CMakeFiles/CMakeTmp/src.c:6:3: error: use of undeclared identifier 'choke'
  choke
  ^
1 error generated.
gmake[2]: *** [CMakeFiles/cmTC_4ff5d.dir/build.make:79: CMakeFiles/cmTC_4ff5d.dir/src.c.o] Error 1
gmake[2]: Leaving directory '/home/buz/code/amongus-3d/lib/CMakeFiles/CMakeTmp'
gmake[1]: *** [Makefile:127: cmTC_4ff5d/fast] Error 2
gmake[1]: Leaving directory '/home/buz/code/amongus-3d/lib/CMakeFiles/CMakeTmp'


Source file was:

int main(int argc, char *argv[]) {
#if defined(__aarch64__) || defined(_M_ARM64)
  return 0;
#else
  choke
#endif
}

Performing C SOURCE FILE Test CHECK_CPU_ARCHITECTURE_LOONGARCH64 failed with the following output:
Change Dir: /home/buz/code/amongus-3d/lib/CMakeFiles/CMakeTmp

Run Build Command(s):/usr/bin/gmake -f Makefile cmTC_8e54a/fast && gmake[1]: Entering directory '/home/buz/code/amongus-3d/lib/CMakeFiles/CMakeTmp'
/usr/bin/gmake  -f CMakeFiles/cmTC_8e54a.dir/build.make CMakeFiles/cmTC_8e54a.dir/build
gmake[2]: Entering directory '/home/buz/code/amongus-3d/lib/CMakeFiles/CMakeTmp'
Building C object CMakeFiles/cmTC_8e54a.dir/src.c.o
/usr/bin/clang -DCHECK_CPU_ARCHITECTURE_LOONGARCH64   -MD -MT CMakeFiles/cmTC_8e54a.dir/src.c.o -MF CMakeFiles/cmTC_8e54a.dir/src.c.o.d -o CMakeFiles/cmTC_8e54a.dir/src.c.o -c /home/buz/code/amongus-3d/lib/CMakeFiles/CMakeTmp/src.c
/home/buz/code/amongus-3d/lib/CMakeFiles/CMakeTmp/src.c:6:3: error: use of undeclared identifier 'choke'
  choke
  ^
1 error generated.
gmake[2]: *** [CMakeFiles/cmTC_8e54a.dir/build.make:79: CMakeFiles/cmTC_8e54a.dir/src.c.o] Error 1
gmake[2]: Leaving directory '/home/buz/code/amongus-3d/lib/CMakeFiles/CMakeTmp'
gmake[1]: *** [Makefile:127: cmTC_8e54a/fast] Error 2
gmake[1]: Leaving directory '/home/buz/code/amongus-3d/lib/CMakeFiles/CMakeTmp'


Source file was:

int main(int argc, char *argv[]) {
#if defined(__loongarch64)
  return 0;
#else
  choke
#endif
}

Performing C SOURCE FILE Test HAVE_ALTIVEC_H_HDR failed with the following output:
Change Dir: /home/buz/code/amongus-3d/lib/CMakeFiles/CMakeTmp

Run Build Command(s):/usr/bin/gmake -f Makefile cmTC_41ce5/fast && gmake[1]: Entering directory '/home/buz/code/amongus-3d/lib/CMakeFiles/CMakeTmp'
/usr/bin/gmake  -f CMakeFiles/cmTC_41ce5.dir/build.make CMakeFiles/cmTC_41ce5.dir/build
gmake[2]: Entering directory '/home/buz/code/amongus-3d/lib/CMakeFiles/CMakeTmp'
Building C object CMakeFiles/cmTC_41ce5.dir/src.c.o
/usr/bin/clang -DHAVE_ALTIVEC_H_HDR  -idirafter "/home/buz/code/amongus-3d/lib/SDL/src/video/khronos" -maltivec -MD -MT CMakeFiles/cmTC_41ce5.dir/src.c.o -MF CMakeFiles/cmTC_41ce5.dir/src.c.o.d -o CMakeFiles/cmTC_41ce5.dir/src.c.o -c /home/buz/code/amongus-3d/lib/CMakeFiles/CMakeTmp/src.c
clang: warning: argument unused during compilation: '-maltivec' [-Wunused-command-line-argument]
In file included from /home/buz/code/amongus-3d/lib/CMakeFiles/CMakeTmp/src.c:2:
/usr/lib/llvm-14/lib/clang/14.0.0/include/altivec.h:13:2: error: "AltiVec support not enabled"
#error "AltiVec support not enabled"
 ^
/usr/lib/llvm-14/lib/clang/14.0.0/include/altivec.h:50:19: error: unknown type name 'vector'
static __inline__ vector signed char __ATTRS_o_ai vec_perm(
                  ^
/usr/lib/llvm-14/lib/clang/14.0.0/include/altivec.h:51:5: error: unknown type name 'vector'
    vector signed char __a, vector signed char __b, vector unsigned char __c);
    ^
/usr/lib/llvm-14/lib/clang/14.0.0/include/altivec.h:51:29: error: unknown type name 'vector'
    vector signed char __a, vector signed char __b, vector unsigned char __c);
                            ^
/usr/lib/llvm-14/lib/clang/14.0.0/include/altivec.h:51:53: error: unknown type name 'vector'
    vector signed char __a, vector signed char __b, vector unsigned char __c);
                                                    ^
/usr/lib/llvm-14/lib/clang/14.0.0/include/altivec.h:53:19: error: unknown type name 'vector'
static __inline__ vector unsigned char __ATTRS_o_ai
                  ^
/usr/lib/llvm-14/lib/clang/14.0.0/include/altivec.h:54:10: error: unknown type name 'vector'
vec_perm(vector unsigned char __a, vector unsigned char __b,
         ^
/usr/lib/llvm-14/lib/clang/14.0.0/include/altivec.h:54:36: error: unknown type name 'vector'
vec_perm(vector unsigned char __a, vector unsigned char __b,
                                   ^
/usr/lib/llvm-14/lib/clang/14.0.0/include/altivec.h:55:10: error: unknown type name 'vector'
         vector unsigned char __c);
         ^
/usr/lib/llvm-14/lib/clang/14.0.0/include/altivec.h:57:19: error: unknown type name 'vector'
static __inline__ vector bool char __ATTRS_o_ai
                  ^
/usr/lib/llvm-14/lib/clang/14.0.0/include/altivec.h:57:8: error: 'inline' can only appear on functions
static __inline__ vector bool char __ATTRS_o_ai
       ^
/usr/lib/llvm-14/lib/clang/14.0.0/include/altivec.h:57:30: error: expected ';' after top level declarator
static __inline__ vector bool char __ATTRS_o_ai
                             ^
/usr/lib/llvm-14/lib/clang/14.0.0/include/altivec.h:58:10: error: unknown type name 'vector'
vec_perm(vector bool char __a, vector bool char __b, vector unsigned char __c);
         ^
/usr/lib/llvm-14/lib/clang/14.0.0/include/altivec.h:58:22: error: expected ')'
vec_perm(vector bool char __a, vector bool char __b, vector unsigned char __c);
                     ^
/usr/lib/llvm-14/lib/clang/14.0.0/include/altivec.h:58:9: note: to match this '('
vec_perm(vector bool char __a, vector bool char __b, vector unsigned char __c);
        ^
/usr/lib/llvm-14/lib/clang/14.0.0/include/altivec.h:60:19: error: unknown type name 'vector'
static __inline__ vector short __ATTRS_o_ai vec_perm(vector signed short __a,
                  ^
/usr/lib/llvm-14/lib/clang/14.0.0/include/altivec.h:60:54: error: unknown type name 'vector'
static __inline__ vector short __ATTRS_o_ai vec_perm(vector signed short __a,
                                                     ^
/usr/lib/llvm-14/lib/clang/14.0.0/include/altivec.h:61:54: error: unknown type name 'vector'
                                                     vector signed short __b,
                                                     ^
/usr/lib/llvm-14/lib/clang/14.0.0/include/altivec.h:62:54: error: unknown type name 'vector'
                                                     vector unsigned char __c);
                                                     ^
/usr/lib/llvm-14/lib/clang/14.0.0/include/altivec.h:64:19: error: unknown type name 'vector'
static __inline__ vector unsigned short __ATTRS_o_ai
                  ^
fatal error: too many errors emitted, stopping now [-ferror-limit=]
20 errors generated.
gmake[2]: *** [CMakeFiles/cmTC_41ce5.dir/build.make:79: CMakeFiles/cmTC_41ce5.dir/src.c.o] Error 1
gmake[2]: Leaving directory '/home/buz/code/amongus-3d/lib/CMakeFiles/CMakeTmp'
gmake[1]: *** [Makefile:127: cmTC_41ce5/fast] Error 2
gmake[1]: Leaving directory '/home/buz/code/amongus-3d/lib/CMakeFiles/CMakeTmp'


Source file was:

          #include <altivec.h>
          vector unsigned int vzero() {
              return vec_splat_u32(0);
          }
          int main(int argc, char **argv) { return 0; }
Performing C SOURCE FILE Test CPU_SUPPORTS_ALTIVEC failed with the following output:
Change Dir: /home/buz/code/amongus-3d/lib/CMakeFiles/CMakeTmp

Run Build Command(s):/usr/bin/gmake -f Makefile cmTC_9b324/fast && gmake[1]: Entering directory '/home/buz/code/amongus-3d/lib/CMakeFiles/CMakeTmp'
/usr/bin/gmake  -f CMakeFiles/cmTC_9b324.dir/build.make CMakeFiles/cmTC_9b324.dir/build
gmake[2]: Entering directory '/home/buz/code/amongus-3d/lib/CMakeFiles/CMakeTmp'
Building C object CMakeFiles/cmTC_9b324.dir/src.c.o
/usr/bin/clang -DCPU_SUPPORTS_ALTIVEC  -idirafter "/home/buz/code/amongus-3d/lib/SDL/src/video/khronos" -maltivec -MD -MT CMakeFiles/cmTC_9b324.dir/src.c.o -MF CMakeFiles/cmTC_9b324.dir/src.c.o.d -o CMakeFiles/cmTC_9b324.dir/src.c.o -c /home/buz/code/amongus-3d/lib/CMakeFiles/CMakeTmp/src.c
clang: warning: argument unused during compilation: '-maltivec' [-Wunused-command-line-argument]
/home/buz/code/amongus-3d/lib/CMakeFiles/CMakeTmp/src.c:2:11: error: unknown type name 'vector'
          vector unsigned int vzero() {
          ^
/home/buz/code/amongus-3d/lib/CMakeFiles/CMakeTmp/src.c:3:22: warning: implicit declaration of function 'vec_splat_u32' is invalid in C99 [-Wimplicit-function-declaration]
              return vec_splat_u32(0);
                     ^
1 warning and 1 error generated.
gmake[2]: *** [CMakeFiles/cmTC_9b324.dir/build.make:79: CMakeFiles/cmTC_9b324.dir/src.c.o] Error 1
gmake[2]: Leaving directory '/home/buz/code/amongus-3d/lib/CMakeFiles/CMakeTmp'
gmake[1]: *** [Makefile:127: cmTC_9b324/fast] Error 2
gmake[1]: Leaving directory '/home/buz/code/amongus-3d/lib/CMakeFiles/CMakeTmp'


Source file was:

          vector unsigned int vzero() {
              return vec_splat_u32(0);
          }
          int main(int argc, char **argv) { return 0; }
Determining if the strlcpy exist failed with the following output:
Change Dir: /home/buz/code/amongus-3d/lib/CMakeFiles/CMakeTmp

Run Build Command(s):/usr/bin/gmake -f Makefile cmTC_6efe4/fast && gmake[1]: Entering directory '/home/buz/code/amongus-3d/lib/CMakeFiles/CMakeTmp'
/usr/bin/gmake  -f CMakeFiles/cmTC_6efe4.dir/build.make CMakeFiles/cmTC_6efe4.dir/build
gmake[2]: Entering directory '/home/buz/code/amongus-3d/lib/CMakeFiles/CMakeTmp'
Building C object CMakeFiles/cmTC_6efe4.dir/CheckSymbolExists.c.o
/usr/bin/clang   -idirafter "/home/buz/code/amongus-3d/lib/SDL/src/video/khronos"  -D_GNU_SOURCE=1 -MD -MT CMakeFiles/cmTC_6efe4.dir/CheckSymbolExists.c.o -MF CMakeFiles/cmTC_6efe4.dir/CheckSymbolExists.c.o.d -o CMakeFiles/cmTC_6efe4.dir/CheckSymbolExists.c.o -c /home/buz/code/amongus-3d/lib/CMakeFiles/CMakeTmp/CheckSymbolExists.c
/home/buz/code/amongus-3d/lib/CMakeFiles/CMakeTmp/CheckSymbolExists.c:14:19: error: use of undeclared identifier 'strlcpy'
  return ((int*)(&strlcpy))[argc];
                  ^
1 error generated.
gmake[2]: *** [CMakeFiles/cmTC_6efe4.dir/build.make:79: CMakeFiles/cmTC_6efe4.dir/CheckSymbolExists.c.o] Error 1
gmake[2]: Leaving directory '/home/buz/code/amongus-3d/lib/CMakeFiles/CMakeTmp'
gmake[1]: *** [Makefile:127: cmTC_6efe4/fast] Error 2
gmake[1]: Leaving directory '/home/buz/code/amongus-3d/lib/CMakeFiles/CMakeTmp'


File /home/buz/code/amongus-3d/lib/CMakeFiles/CMakeTmp/CheckSymbolExists.c:
/* */
#include <stddef.h>
#include <stdarg.h>
#include <stdlib.h>
#include <string.h>
#include <stdio.h>
#include <wchar.h>
#include <float.h>

int main(int argc, char** argv)
{
  (void)argv;
#ifndef strlcpy
  return ((int*)(&strlcpy))[argc];
#else
  (void)argc;
  return 0;
#endif
}
Determining if the strlcat exist failed with the following output:
Change Dir: /home/buz/code/amongus-3d/lib/CMakeFiles/CMakeTmp

Run Build Command(s):/usr/bin/gmake -f Makefile cmTC_c4ddc/fast && gmake[1]: Entering directory '/home/buz/code/amongus-3d/lib/CMakeFiles/CMakeTmp'
/usr/bin/gmake  -f CMakeFiles/cmTC_c4ddc.dir/build.make CMakeFiles/cmTC_c4ddc.dir/build
gmake[2]: Entering directory '/home/buz/code/amongus-3d/lib/CMakeFiles/CMakeTmp'
Building C object CMakeFiles/cmTC_c4ddc.dir/CheckSymbolExists.c.o
/usr/bin/clang   -idirafter "/home/buz/code/amongus-3d/lib/SDL/src/video/khronos"  -D_GNU_SOURCE=1 -MD -MT CMakeFiles/cmTC_c4ddc.dir/CheckSymbolExists.c.o -MF CMakeFiles/cmTC_c4ddc.dir/CheckSymbolExists.c.o.d -o CMakeFiles/cmTC_c4ddc.dir/CheckSymbolExists.c.o -c /home/buz/code/amongus-3d/lib/CMakeFiles/CMakeTmp/CheckSymbolExists.c
/home/buz/code/amongus-3d/lib/CMakeFiles/CMakeTmp/CheckSymbolExists.c:14:19: error: use of undeclared identifier 'strlcat'
  return ((int*)(&strlcat))[argc];
                  ^
1 error generated.
gmake[2]: *** [CMakeFiles/cmTC_c4ddc.dir/build.make:79: CMakeFiles/cmTC_c4ddc.dir/CheckSymbolExists.c.o] Error 1
gmake[2]: Leaving directory '/home/buz/code/amongus-3d/lib/CMakeFiles/CMakeTmp'
gmake[1]: *** [Makefile:127: cmTC_c4ddc/fast] Error 2
gmake[1]: Leaving directory '/home/buz/code/amongus-3d/lib/CMakeFiles/CMakeTmp'


File /home/buz/code/amongus-3d/lib/CMakeFiles/CMakeTmp/CheckSymbolExists.c:
/* */
#include <stddef.h>
#include <stdarg.h>
#include <stdlib.h>
#include <string.h>
#include <stdio.h>
#include <wchar.h>
#include <float.h>

int main(int argc, char** argv)
{
  (void)argv;
#ifndef strlcat
  return ((int*)(&strlcat))[argc];
#else
  (void)argc;
  return 0;
#endif
}
Determining if the _strrev exist failed with the following output:
Change Dir: /home/buz/code/amongus-3d/lib/CMakeFiles/CMakeTmp

Run Build Command(s):/usr/bin/gmake -f Makefile cmTC_b4d15/fast && gmake[1]: Entering directory '/home/buz/code/amongus-3d/lib/CMakeFiles/CMakeTmp'
/usr/bin/gmake  -f CMakeFiles/cmTC_b4d15.dir/build.make CMakeFiles/cmTC_b4d15.dir/build
gmake[2]: Entering directory '/home/buz/code/amongus-3d/lib/CMakeFiles/CMakeTmp'
Building C object CMakeFiles/cmTC_b4d15.dir/CheckSymbolExists.c.o
/usr/bin/clang   -idirafter "/home/buz/code/amongus-3d/lib/SDL/src/video/khronos"  -D_GNU_SOURCE=1 -MD -MT CMakeFiles/cmTC_b4d15.dir/CheckSymbolExists.c.o -MF CMakeFiles/cmTC_b4d15.dir/CheckSymbolExists.c.o.d -o CMakeFiles/cmTC_b4d15.dir/CheckSymbolExists.c.o -c /home/buz/code/amongus-3d/lib/CMakeFiles/CMakeTmp/CheckSymbolExists.c
/home/buz/code/amongus-3d/lib/CMakeFiles/CMakeTmp/CheckSymbolExists.c:14:19: error: use of undeclared identifier '_strrev'
  return ((int*)(&_strrev))[argc];
                  ^
1 error generated.
gmake[2]: *** [CMakeFiles/cmTC_b4d15.dir/build.make:79: CMakeFiles/cmTC_b4d15.dir/CheckSymbolExists.c.o] Error 1
gmake[2]: Leaving directory '/home/buz/code/amongus-3d/lib/CMakeFiles/CMakeTmp'
gmake[1]: *** [Makefile:127: cmTC_b4d15/fast] Error 2
gmake[1]: Leaving directory '/home/buz/code/amongus-3d/lib/CMakeFiles/CMakeTmp'


File /home/buz/code/amongus-3d/lib/CMakeFiles/CMakeTmp/CheckSymbolExists.c:
/* */
#include <stddef.h>
#include <stdarg.h>
#include <stdlib.h>
#include <string.h>
#include <stdio.h>
#include <wchar.h>
#include <float.h>

int main(int argc, char** argv)
{
  (void)argv;
#ifndef _strrev
  return ((int*)(&_strrev))[argc];
#else
  (void)argc;
  return 0;
#endif
}
Determining if the _strupr exist failed with the following output:
Change Dir: /home/buz/code/amongus-3d/lib/CMakeFiles/CMakeTmp

Run Build Command(s):/usr/bin/gmake -f Makefile cmTC_f95f2/fast && gmake[1]: Entering directory '/home/buz/code/amongus-3d/lib/CMakeFiles/CMakeTmp'
/usr/bin/gmake  -f CMakeFiles/cmTC_f95f2.dir/build.make CMakeFiles/cmTC_f95f2.dir/build
gmake[2]: Entering directory '/home/buz/code/amongus-3d/lib/CMakeFiles/CMakeTmp'
Building C object CMakeFiles/cmTC_f95f2.dir/CheckSymbolExists.c.o
/usr/bin/clang   -idirafter "/home/buz/code/amongus-3d/lib/SDL/src/video/khronos"  -D_GNU_SOURCE=1 -MD -MT CMakeFiles/cmTC_f95f2.dir/CheckSymbolExists.c.o -MF CMakeFiles/cmTC_f95f2.dir/CheckSymbolExists.c.o.d -o CMakeFiles/cmTC_f95f2.dir/CheckSymbolExists.c.o -c /home/buz/code/amongus-3d/lib/CMakeFiles/CMakeTmp/CheckSymbolExists.c
/home/buz/code/amongus-3d/lib/CMakeFiles/CMakeTmp/CheckSymbolExists.c:14:19: error: use of undeclared identifier '_strupr'
  return ((int*)(&_strupr))[argc];
                  ^
1 error generated.
gmake[2]: *** [CMakeFiles/cmTC_f95f2.dir/build.make:79: CMakeFiles/cmTC_f95f2.dir/CheckSymbolExists.c.o] Error 1
gmake[2]: Leaving directory '/home/buz/code/amongus-3d/lib/CMakeFiles/CMakeTmp'
gmake[1]: *** [Makefile:127: cmTC_f95f2/fast] Error 2
gmake[1]: Leaving directory '/home/buz/code/amongus-3d/lib/CMakeFiles/CMakeTmp'


File /home/buz/code/amongus-3d/lib/CMakeFiles/CMakeTmp/CheckSymbolExists.c:
/* */
#include <stddef.h>
#include <stdarg.h>
#include <stdlib.h>
#include <string.h>
#include <stdio.h>
#include <wchar.h>
#include <float.h>

int main(int argc, char** argv)
{
  (void)argv;
#ifndef _strupr
  return ((int*)(&_strupr))[argc];
#else
  (void)argc;
  return 0;
#endif
}
Determining if the _strlwr exist failed with the following output:
Change Dir: /home/buz/code/amongus-3d/lib/CMakeFiles/CMakeTmp

Run Build Command(s):/usr/bin/gmake -f Makefile cmTC_55d13/fast && gmake[1]: Entering directory '/home/buz/code/amongus-3d/lib/CMakeFiles/CMakeTmp'
/usr/bin/gmake  -f CMakeFiles/cmTC_55d13.dir/build.make CMakeFiles/cmTC_55d13.dir/build
gmake[2]: Entering directory '/home/buz/code/amongus-3d/lib/CMakeFiles/CMakeTmp'
Building C object CMakeFiles/cmTC_55d13.dir/CheckSymbolExists.c.o
/usr/bin/clang   -idirafter "/home/buz/code/amongus-3d/lib/SDL/src/video/khronos"  -D_GNU_SOURCE=1 -MD -MT CMakeFiles/cmTC_55d13.dir/CheckSymbolExists.c.o -MF CMakeFiles/cmTC_55d13.dir/CheckSymbolExists.c.o.d -o CMakeFiles/cmTC_55d13.dir/CheckSymbolExists.c.o -c /home/buz/code/amongus-3d/lib/CMakeFiles/CMakeTmp/CheckSymbolExists.c
/home/buz/code/amongus-3d/lib/CMakeFiles/CMakeTmp/CheckSymbolExists.c:14:19: error: use of undeclared identifier '_strlwr'
  return ((int*)(&_strlwr))[argc];
                  ^
1 error generated.
gmake[2]: *** [CMakeFiles/cmTC_55d13.dir/build.make:79: CMakeFiles/cmTC_55d13.dir/CheckSymbolExists.c.o] Error 1
gmake[2]: Leaving directory '/home/buz/code/amongus-3d/lib/CMakeFiles/CMakeTmp'
gmake[1]: *** [Makefile:127: cmTC_55d13/fast] Error 2
gmake[1]: Leaving directory '/home/buz/code/amongus-3d/lib/CMakeFiles/CMakeTmp'


File /home/buz/code/amongus-3d/lib/CMakeFiles/CMakeTmp/CheckSymbolExists.c:
/* */
#include <stddef.h>
#include <stdarg.h>
#include <stdlib.h>
#include <string.h>
#include <stdio.h>
#include <wchar.h>
#include <float.h>

int main(int argc, char** argv)
{
  (void)argv;
#ifndef _strlwr
  return ((int*)(&_strlwr))[argc];
#else
  (void)argc;
  return 0;
#endif
}
Determining if the itoa exist failed with the following output:
Change Dir: /home/buz/code/amongus-3d/lib/CMakeFiles/CMakeTmp

Run Build Command(s):/usr/bin/gmake -f Makefile cmTC_821f1/fast && gmake[1]: Entering directory '/home/buz/code/amongus-3d/lib/CMakeFiles/CMakeTmp'
/usr/bin/gmake  -f CMakeFiles/cmTC_821f1.dir/build.make CMakeFiles/cmTC_821f1.dir/build
gmake[2]: Entering directory '/home/buz/code/amongus-3d/lib/CMakeFiles/CMakeTmp'
Building C object CMakeFiles/cmTC_821f1.dir/CheckSymbolExists.c.o
/usr/bin/clang   -idirafter "/home/buz/code/amongus-3d/lib/SDL/src/video/khronos"  -D_GNU_SOURCE=1 -MD -MT CMakeFiles/cmTC_821f1.dir/CheckSymbolExists.c.o -MF CMakeFiles/cmTC_821f1.dir/CheckSymbolExists.c.o.d -o CMakeFiles/cmTC_821f1.dir/CheckSymbolExists.c.o -c /home/buz/code/amongus-3d/lib/CMakeFiles/CMakeTmp/CheckSymbolExists.c
/home/buz/code/amongus-3d/lib/CMakeFiles/CMakeTmp/CheckSymbolExists.c:14:19: error: use of undeclared identifier 'itoa'
  return ((int*)(&itoa))[argc];
                  ^
1 error generated.
gmake[2]: *** [CMakeFiles/cmTC_821f1.dir/build.make:79: CMakeFiles/cmTC_821f1.dir/CheckSymbolExists.c.o] Error 1
gmake[2]: Leaving directory '/home/buz/code/amongus-3d/lib/CMakeFiles/CMakeTmp'
gmake[1]: *** [Makefile:127: cmTC_821f1/fast] Error 2
gmake[1]: Leaving directory '/home/buz/code/amongus-3d/lib/CMakeFiles/CMakeTmp'


File /home/buz/code/amongus-3d/lib/CMakeFiles/CMakeTmp/CheckSymbolExists.c:
/* */
#include <stddef.h>
#include <stdarg.h>
#include <stdlib.h>
#include <string.h>
#include <stdio.h>
#include <wchar.h>
#include <float.h>

int main(int argc, char** argv)
{
  (void)argv;
#ifndef itoa
  return ((int*)(&itoa))[argc];
#else
  (void)argc;
  return 0;
#endif
}
Determining if the _ltoa exist failed with the following output:
Change Dir: /home/buz/code/amongus-3d/lib/CMakeFiles/CMakeTmp

Run Build Command(s):/usr/bin/gmake -f Makefile cmTC_97cf6/fast && gmake[1]: Entering directory '/home/buz/code/amongus-3d/lib/CMakeFiles/CMakeTmp'
/usr/bin/gmake  -f CMakeFiles/cmTC_97cf6.dir/build.make CMakeFiles/cmTC_97cf6.dir/build
gmake[2]: Entering directory '/home/buz/code/amongus-3d/lib/CMakeFiles/CMakeTmp'
Building C object CMakeFiles/cmTC_97cf6.dir/CheckSymbolExists.c.o
/usr/bin/clang   -idirafter "/home/buz/code/amongus-3d/lib/SDL/src/video/khronos"  -D_GNU_SOURCE=1 -MD -MT CMakeFiles/cmTC_97cf6.dir/CheckSymbolExists.c.o -MF CMakeFiles/cmTC_97cf6.dir/CheckSymbolExists.c.o.d -o CMakeFiles/cmTC_97cf6.dir/CheckSymbolExists.c.o -c /home/buz/code/amongus-3d/lib/CMakeFiles/CMakeTmp/CheckSymbolExists.c
/home/buz/code/amongus-3d/lib/CMakeFiles/CMakeTmp/CheckSymbolExists.c:14:19: error: use of undeclared identifier '_ltoa'
  return ((int*)(&_ltoa))[argc];
                  ^
1 error generated.
gmake[2]: *** [CMakeFiles/cmTC_97cf6.dir/build.make:79: CMakeFiles/cmTC_97cf6.dir/CheckSymbolExists.c.o] Error 1
gmake[2]: Leaving directory '/home/buz/code/amongus-3d/lib/CMakeFiles/CMakeTmp'
gmake[1]: *** [Makefile:127: cmTC_97cf6/fast] Error 2
gmake[1]: Leaving directory '/home/buz/code/amongus-3d/lib/CMakeFiles/CMakeTmp'


File /home/buz/code/amongus-3d/lib/CMakeFiles/CMakeTmp/CheckSymbolExists.c:
/* */
#include <stddef.h>
#include <stdarg.h>
#include <stdlib.h>
#include <string.h>
#include <stdio.h>
#include <wchar.h>
#include <float.h>

int main(int argc, char** argv)
{
  (void)argv;
#ifndef _ltoa
  return ((int*)(&_ltoa))[argc];
#else
  (void)argc;
  return 0;
#endif
}
Determining if the _uitoa exist failed with the following output:
Change Dir: /home/buz/code/amongus-3d/lib/CMakeFiles/CMakeTmp

Run Build Command(s):/usr/bin/gmake -f Makefile cmTC_887c9/fast && gmake[1]: Entering directory '/home/buz/code/amongus-3d/lib/CMakeFiles/CMakeTmp'
/usr/bin/gmake  -f CMakeFiles/cmTC_887c9.dir/build.make CMakeFiles/cmTC_887c9.dir/build
gmake[2]: Entering directory '/home/buz/code/amongus-3d/lib/CMakeFiles/CMakeTmp'
Building C object CMakeFiles/cmTC_887c9.dir/CheckSymbolExists.c.o
/usr/bin/clang   -idirafter "/home/buz/code/amongus-3d/lib/SDL/src/video/khronos"  -D_GNU_SOURCE=1 -MD -MT CMakeFiles/cmTC_887c9.dir/CheckSymbolExists.c.o -MF CMakeFiles/cmTC_887c9.dir/CheckSymbolExists.c.o.d -o CMakeFiles/cmTC_887c9.dir/CheckSymbolExists.c.o -c /home/buz/code/amongus-3d/lib/CMakeFiles/CMakeTmp/CheckSymbolExists.c
/home/buz/code/amongus-3d/lib/CMakeFiles/CMakeTmp/CheckSymbolExists.c:14:19: error: use of undeclared identifier '_uitoa'
  return ((int*)(&_uitoa))[argc];
                  ^
1 error generated.
gmake[2]: *** [CMakeFiles/cmTC_887c9.dir/build.make:79: CMakeFiles/cmTC_887c9.dir/CheckSymbolExists.c.o] Error 1
gmake[2]: Leaving directory '/home/buz/code/amongus-3d/lib/CMakeFiles/CMakeTmp'
gmake[1]: *** [Makefile:127: cmTC_887c9/fast] Error 2
gmake[1]: Leaving directory '/home/buz/code/amongus-3d/lib/CMakeFiles/CMakeTmp'


File /home/buz/code/amongus-3d/lib/CMakeFiles/CMakeTmp/CheckSymbolExists.c:
/* */
#include <stddef.h>
#include <stdarg.h>
#include <stdlib.h>
#include <string.h>
#include <stdio.h>
#include <wchar.h>
#include <float.h>

int main(int argc, char** argv)
{
  (void)argv;
#ifndef _uitoa
  return ((int*)(&_uitoa))[argc];
#else
  (void)argc;
  return 0;
#endif
}
Determining if the _ultoa exist failed with the following output:
Change Dir: /home/buz/code/amongus-3d/lib/CMakeFiles/CMakeTmp

Run Build Command(s):/usr/bin/gmake -f Makefile cmTC_46974/fast && gmake[1]: Entering directory '/home/buz/code/amongus-3d/lib/CMakeFiles/CMakeTmp'
/usr/bin/gmake  -f CMakeFiles/cmTC_46974.dir/build.make CMakeFiles/cmTC_46974.dir/build
gmake[2]: Entering directory '/home/buz/code/amongus-3d/lib/CMakeFiles/CMakeTmp'
Building C object CMakeFiles/cmTC_46974.dir/CheckSymbolExists.c.o
/usr/bin/clang   -idirafter "/home/buz/code/amongus-3d/lib/SDL/src/video/khronos"  -D_GNU_SOURCE=1 -MD -MT CMakeFiles/cmTC_46974.dir/CheckSymbolExists.c.o -MF CMakeFiles/cmTC_46974.dir/CheckSymbolExists.c.o.d -o CMakeFiles/cmTC_46974.dir/CheckSymbolExists.c.o -c /home/buz/code/amongus-3d/lib/CMakeFiles/CMakeTmp/CheckSymbolExists.c
/home/buz/code/amongus-3d/lib/CMakeFiles/CMakeTmp/CheckSymbolExists.c:14:19: error: use of undeclared identifier '_ultoa'
  return ((int*)(&_ultoa))[argc];
                  ^
1 error generated.
gmake[2]: *** [CMakeFiles/cmTC_46974.dir/build.make:79: CMakeFiles/cmTC_46974.dir/CheckSymbolExists.c.o] Error 1
gmake[2]: Leaving directory '/home/buz/code/amongus-3d/lib/CMakeFiles/CMakeTmp'
gmake[1]: *** [Makefile:127: cmTC_46974/fast] Error 2
gmake[1]: Leaving directory '/home/buz/code/amongus-3d/lib/CMakeFiles/CMakeTmp'


File /home/buz/code/amongus-3d/lib/CMakeFiles/CMakeTmp/CheckSymbolExists.c:
/* */
#include <stddef.h>
#include <stdarg.h>
#include <stdlib.h>
#include <string.h>
#include <stdio.h>
#include <wchar.h>
#include <float.h>

int main(int argc, char** argv)
{
  (void)argv;
#ifndef _ultoa
  return ((int*)(&_ultoa))[argc];
#else
  (void)argc;
  return 0;
#endif
}
Determining if the _i64toa exist failed with the following output:
Change Dir: /home/buz/code/amongus-3d/lib/CMakeFiles/CMakeTmp

Run Build Command(s):/usr/bin/gmake -f Makefile cmTC_8f206/fast && gmake[1]: Entering directory '/home/buz/code/amongus-3d/lib/CMakeFiles/CMakeTmp'
/usr/bin/gmake  -f CMakeFiles/cmTC_8f206.dir/build.make CMakeFiles/cmTC_8f206.dir/build
gmake[2]: Entering directory '/home/buz/code/amongus-3d/lib/CMakeFiles/CMakeTmp'
Building C object CMakeFiles/cmTC_8f206.dir/CheckSymbolExists.c.o
/usr/bin/clang   -idirafter "/home/buz/code/amongus-3d/lib/SDL/src/video/khronos"  -D_GNU_SOURCE=1 -MD -MT CMakeFiles/cmTC_8f206.dir/CheckSymbolExists.c.o -MF CMakeFiles/cmTC_8f206.dir/CheckSymbolExists.c.o.d -o CMakeFiles/cmTC_8f206.dir/CheckSymbolExists.c.o -c /home/buz/code/amongus-3d/lib/CMakeFiles/CMakeTmp/CheckSymbolExists.c
/home/buz/code/amongus-3d/lib/CMakeFiles/CMakeTmp/CheckSymbolExists.c:14:19: error: use of undeclared identifier '_i64toa'
  return ((int*)(&_i64toa))[argc];
                  ^
1 error generated.
gmake[2]: *** [CMakeFiles/cmTC_8f206.dir/build.make:79: CMakeFiles/cmTC_8f206.dir/CheckSymbolExists.c.o] Error 1
gmake[2]: Leaving directory '/home/buz/code/amongus-3d/lib/CMakeFiles/CMakeTmp'
gmake[1]: *** [Makefile:127: cmTC_8f206/fast] Error 2
gmake[1]: Leaving directory '/home/buz/code/amongus-3d/lib/CMakeFiles/CMakeTmp'


File /home/buz/code/amongus-3d/lib/CMakeFiles/CMakeTmp/CheckSymbolExists.c:
/* */
#include <stddef.h>
#include <stdarg.h>
#include <stdlib.h>
#include <string.h>
#include <stdio.h>
#include <wchar.h>
#include <float.h>

int main(int argc, char** argv)
{
  (void)argv;
#ifndef _i64toa
  return ((int*)(&_i64toa))[argc];
#else
  (void)argc;
  return 0;
#endif
}
Determining if the _ui64toa exist failed with the following output:
Change Dir: /home/buz/code/amongus-3d/lib/CMakeFiles/CMakeTmp

Run Build Command(s):/usr/bin/gmake -f Makefile cmTC_7e82e/fast && gmake[1]: Entering directory '/home/buz/code/amongus-3d/lib/CMakeFiles/CMakeTmp'
/usr/bin/gmake  -f CMakeFiles/cmTC_7e82e.dir/build.make CMakeFiles/cmTC_7e82e.dir/build
gmake[2]: Entering directory '/home/buz/code/amongus-3d/lib/CMakeFiles/CMakeTmp'
Building C object CMakeFiles/cmTC_7e82e.dir/CheckSymbolExists.c.o
/usr/bin/clang   -idirafter "/home/buz/code/amongus-3d/lib/SDL/src/video/khronos"  -D_GNU_SOURCE=1 -MD -MT CMakeFiles/cmTC_7e82e.dir/CheckSymbolExists.c.o -MF CMakeFiles/cmTC_7e82e.dir/CheckSymbolExists.c.o.d -o CMakeFiles/cmTC_7e82e.dir/CheckSymbolExists.c.o -c /home/buz/code/amongus-3d/lib/CMakeFiles/CMakeTmp/CheckSymbolExists.c
/home/buz/code/amongus-3d/lib/CMakeFiles/CMakeTmp/CheckSymbolExists.c:14:19: error: use of undeclared identifier '_ui64toa'
  return ((int*)(&_ui64toa))[argc];
                  ^
1 error generated.
gmake[2]: *** [CMakeFiles/cmTC_7e82e.dir/build.make:79: CMakeFiles/cmTC_7e82e.dir/CheckSymbolExists.c.o] Error 1
gmake[2]: Leaving directory '/home/buz/code/amongus-3d/lib/CMakeFiles/CMakeTmp'
gmake[1]: *** [Makefile:127: cmTC_7e82e/fast] Error 2
gmake[1]: Leaving directory '/home/buz/code/amongus-3d/lib/CMakeFiles/CMakeTmp'


File /home/buz/code/amongus-3d/lib/CMakeFiles/CMakeTmp/CheckSymbolExists.c:
/* */
#include <stddef.h>
#include <stdarg.h>
#include <stdlib.h>
#include <string.h>
#include <stdio.h>
#include <wchar.h>
#include <float.h>

int main(int argc, char** argv)
{
  (void)argv;
#ifndef _ui64toa
  return ((int*)(&_ui64toa))[argc];
#else
  (void)argc;
  return 0;
#endif
}
Determining if the _stricmp exist failed with the following output:
Change Dir: /home/buz/code/amongus-3d/lib/CMakeFiles/CMakeTmp

Run Build Command(s):/usr/bin/gmake -f Makefile cmTC_904d8/fast && gmake[1]: Entering directory '/home/buz/code/amongus-3d/lib/CMakeFiles/CMakeTmp'
/usr/bin/gmake  -f CMakeFiles/cmTC_904d8.dir/build.make CMakeFiles/cmTC_904d8.dir/build
gmake[2]: Entering directory '/home/buz/code/amongus-3d/lib/CMakeFiles/CMakeTmp'
Building C object CMakeFiles/cmTC_904d8.dir/CheckSymbolExists.c.o
/usr/bin/clang   -idirafter "/home/buz/code/amongus-3d/lib/SDL/src/video/khronos"  -D_GNU_SOURCE=1 -MD -MT CMakeFiles/cmTC_904d8.dir/CheckSymbolExists.c.o -MF CMakeFiles/cmTC_904d8.dir/CheckSymbolExists.c.o.d -o CMakeFiles/cmTC_904d8.dir/CheckSymbolExists.c.o -c /home/buz/code/amongus-3d/lib/CMakeFiles/CMakeTmp/CheckSymbolExists.c
/home/buz/code/amongus-3d/lib/CMakeFiles/CMakeTmp/CheckSymbolExists.c:14:19: error: use of undeclared identifier '_stricmp'
  return ((int*)(&_stricmp))[argc];
                  ^
1 error generated.
gmake[2]: *** [CMakeFiles/cmTC_904d8.dir/build.make:79: CMakeFiles/cmTC_904d8.dir/CheckSymbolExists.c.o] Error 1
gmake[2]: Leaving directory '/home/buz/code/amongus-3d/lib/CMakeFiles/CMakeTmp'
gmake[1]: *** [Makefile:127: cmTC_904d8/fast] Error 2
gmake[1]: Leaving directory '/home/buz/code/amongus-3d/lib/CMakeFiles/CMakeTmp'


File /home/buz/code/amongus-3d/lib/CMakeFiles/CMakeTmp/CheckSymbolExists.c:
/* */
#include <stddef.h>
#include <stdarg.h>
#include <stdlib.h>
#include <string.h>
#include <stdio.h>
#include <wchar.h>
#include <float.h>

int main(int argc, char** argv)
{
  (void)argv;
#ifndef _stricmp
  return ((int*)(&_stricmp))[argc];
#else
  (void)argc;
  return 0;
#endif
}
Determining if the _strnicmp exist failed with the following output:
Change Dir: /home/buz/code/amongus-3d/lib/CMakeFiles/CMakeTmp

Run Build Command(s):/usr/bin/gmake -f Makefile cmTC_51fcf/fast && gmake[1]: Entering directory '/home/buz/code/amongus-3d/lib/CMakeFiles/CMakeTmp'
/usr/bin/gmake  -f CMakeFiles/cmTC_51fcf.dir/build.make CMakeFiles/cmTC_51fcf.dir/build
gmake[2]: Entering directory '/home/buz/code/amongus-3d/lib/CMakeFiles/CMakeTmp'
Building C object CMakeFiles/cmTC_51fcf.dir/CheckSymbolExists.c.o
/usr/bin/clang   -idirafter "/home/buz/code/amongus-3d/lib/SDL/src/video/khronos"  -D_GNU_SOURCE=1 -MD -MT CMakeFiles/cmTC_51fcf.dir/CheckSymbolExists.c.o -MF CMakeFiles/cmTC_51fcf.dir/CheckSymbolExists.c.o.d -o CMakeFiles/cmTC_51fcf.dir/CheckSymbolExists.c.o -c /home/buz/code/amongus-3d/lib/CMakeFiles/CMakeTmp/CheckSymbolExists.c
/home/buz/code/amongus-3d/lib/CMakeFiles/CMakeTmp/CheckSymbolExists.c:14:19: error: use of undeclared identifier '_strnicmp'; did you mean 'strncmp'?
  return ((int*)(&_strnicmp))[argc];
                  ^~~~~~~~~
                  strncmp
/usr/include/string.h:159:12: note: 'strncmp' declared here
extern int strncmp (const char *__s1, const char *__s2, size_t __n)
           ^
1 error generated.
gmake[2]: *** [CMakeFiles/cmTC_51fcf.dir/build.make:79: CMakeFiles/cmTC_51fcf.dir/CheckSymbolExists.c.o] Error 1
gmake[2]: Leaving directory '/home/buz/code/amongus-3d/lib/CMakeFiles/CMakeTmp'
gmake[1]: *** [Makefile:127: cmTC_51fcf/fast] Error 2
gmake[1]: Leaving directory '/home/buz/code/amongus-3d/lib/CMakeFiles/CMakeTmp'


File /home/buz/code/amongus-3d/lib/CMakeFiles/CMakeTmp/CheckSymbolExists.c:
/* */
#include <stddef.h>
#include <stdarg.h>
#include <stdlib.h>
#include <string.h>
#include <stdio.h>
#include <wchar.h>
#include <float.h>

int main(int argc, char** argv)
{
  (void)argv;
#ifndef _strnicmp
  return ((int*)(&_strnicmp))[argc];
#else
  (void)argc;
  return 0;
#endif
}
Determining if the _wcsdup exist failed with the following output:
Change Dir: /home/buz/code/amongus-3d/lib/CMakeFiles/CMakeTmp

Run Build Command(s):/usr/bin/gmake -f Makefile cmTC_69e39/fast && gmake[1]: Entering directory '/home/buz/code/amongus-3d/lib/CMakeFiles/CMakeTmp'
/usr/bin/gmake  -f CMakeFiles/cmTC_69e39.dir/build.make CMakeFiles/cmTC_69e39.dir/build
gmake[2]: Entering directory '/home/buz/code/amongus-3d/lib/CMakeFiles/CMakeTmp'
Building C object CMakeFiles/cmTC_69e39.dir/CheckSymbolExists.c.o
/usr/bin/clang   -idirafter "/home/buz/code/amongus-3d/lib/SDL/src/video/khronos"  -D_GNU_SOURCE=1 -MD -MT CMakeFiles/cmTC_69e39.dir/CheckSymbolExists.c.o -MF CMakeFiles/cmTC_69e39.dir/CheckSymbolExists.c.o.d -o CMakeFiles/cmTC_69e39.dir/CheckSymbolExists.c.o -c /home/buz/code/amongus-3d/lib/CMakeFiles/CMakeTmp/CheckSymbolExists.c
/home/buz/code/amongus-3d/lib/CMakeFiles/CMakeTmp/CheckSymbolExists.c:14:19: error: use of undeclared identifier '_wcsdup'; did you mean 'wcsdup'?
  return ((int*)(&_wcsdup))[argc];
                  ^~~~~~~
                  wcsdup
/usr/include/wchar.h:154:17: note: 'wcsdup' declared here
extern wchar_t *wcsdup (const wchar_t *__s) __THROW
                ^
1 error generated.
gmake[2]: *** [CMakeFiles/cmTC_69e39.dir/build.make:79: CMakeFiles/cmTC_69e39.dir/CheckSymbolExists.c.o] Error 1
gmake[2]: Leaving directory '/home/buz/code/amongus-3d/lib/CMakeFiles/CMakeTmp'
gmake[1]: *** [Makefile:127: cmTC_69e39/fast] Error 2
gmake[1]: Leaving directory '/home/buz/code/amongus-3d/lib/CMakeFiles/CMakeTmp'


File /home/buz/code/amongus-3d/lib/CMakeFiles/CMakeTmp/CheckSymbolExists.c:
/* */
#include <stddef.h>
#include <stdarg.h>
#include <stdlib.h>
#include <string.h>
#include <stdio.h>
#include <wchar.h>
#include <float.h>

int main(int argc, char** argv)
{
  (void)argv;
#ifndef _wcsdup
  return ((int*)(&_wcsdup))[argc];
#else
  (void)argc;
  return 0;
#endif
}
Determining if the wcslcat exist failed with the following output:
Change Dir: /home/buz/code/amongus-3d/lib/CMakeFiles/CMakeTmp

Run Build Command(s):/usr/bin/gmake -f Makefile cmTC_78909/fast && gmake[1]: Entering directory '/home/buz/code/amongus-3d/lib/CMakeFiles/CMakeTmp'
/usr/bin/gmake  -f CMakeFiles/cmTC_78909.dir/build.make CMakeFiles/cmTC_78909.dir/build
gmake[2]: Entering directory '/home/buz/code/amongus-3d/lib/CMakeFiles/CMakeTmp'
Building C object CMakeFiles/cmTC_78909.dir/CheckSymbolExists.c.o
/usr/bin/clang   -idirafter "/home/buz/code/amongus-3d/lib/SDL/src/video/khronos"  -D_GNU_SOURCE=1 -MD -MT CMakeFiles/cmTC_78909.dir/CheckSymbolExists.c.o -MF CMakeFiles/cmTC_78909.dir/CheckSymbolExists.c.o.d -o CMakeFiles/cmTC_78909.dir/CheckSymbolExists.c.o -c /home/buz/code/amongus-3d/lib/CMakeFiles/CMakeTmp/CheckSymbolExists.c
/home/buz/code/amongus-3d/lib/CMakeFiles/CMakeTmp/CheckSymbolExists.c:14:19: error: use of undeclared identifier 'wcslcat'
  return ((int*)(&wcslcat))[argc];
                  ^
1 error generated.
gmake[2]: *** [CMakeFiles/cmTC_78909.dir/build.make:79: CMakeFiles/cmTC_78909.dir/CheckSymbolExists.c.o] Error 1
gmake[2]: Leaving directory '/home/buz/code/amongus-3d/lib/CMakeFiles/CMakeTmp'
gmake[1]: *** [Makefile:127: cmTC_78909/fast] Error 2
gmake[1]: Leaving directory '/home/buz/code/amongus-3d/lib/CMakeFiles/CMakeTmp'


File /home/buz/code/amongus-3d/lib/CMakeFiles/CMakeTmp/CheckSymbolExists.c:
/* */
#include <stddef.h>
#include <stdarg.h>
#include <stdlib.h>
#include <string.h>
#include <stdio.h>
#include <wchar.h>
#include <float.h>

int main(int argc, char** argv)
{
  (void)argv;
#ifndef wcslcat
  return ((int*)(&wcslcat))[argc];
#else
  (void)argc;
  return 0;
#endif
}
Determining if the wcslcpy exist failed with the following output:
Change Dir: /home/buz/code/amongus-3d/lib/CMakeFiles/CMakeTmp

Run Build Command(s):/usr/bin/gmake -f Makefile cmTC_e77bd/fast && gmake[1]: Entering directory '/home/buz/code/amongus-3d/lib/CMakeFiles/CMakeTmp'
/usr/bin/gmake  -f CMakeFiles/cmTC_e77bd.dir/build.make CMakeFiles/cmTC_e77bd.dir/build
gmake[2]: Entering directory '/home/buz/code/amongus-3d/lib/CMakeFiles/CMakeTmp'
Building C object CMakeFiles/cmTC_e77bd.dir/CheckSymbolExists.c.o
/usr/bin/clang   -idirafter "/home/buz/code/amongus-3d/lib/SDL/src/video/khronos"  -D_GNU_SOURCE=1 -MD -MT CMakeFiles/cmTC_e77bd.dir/CheckSymbolExists.c.o -MF CMakeFiles/cmTC_e77bd.dir/CheckSymbolExists.c.o.d -o CMakeFiles/cmTC_e77bd.dir/CheckSymbolExists.c.o -c /home/buz/code/amongus-3d/lib/CMakeFiles/CMakeTmp/CheckSymbolExists.c
/home/buz/code/amongus-3d/lib/CMakeFiles/CMakeTmp/CheckSymbolExists.c:14:19: error: use of undeclared identifier 'wcslcpy'
  return ((int*)(&wcslcpy))[argc];
                  ^
1 error generated.
gmake[2]: *** [CMakeFiles/cmTC_e77bd.dir/build.make:79: CMakeFiles/cmTC_e77bd.dir/CheckSymbolExists.c.o] Error 1
gmake[2]: Leaving directory '/home/buz/code/amongus-3d/lib/CMakeFiles/CMakeTmp'
gmake[1]: *** [Makefile:127: cmTC_e77bd/fast] Error 2
gmake[1]: Leaving directory '/home/buz/code/amongus-3d/lib/CMakeFiles/CMakeTmp'


File /home/buz/code/amongus-3d/lib/CMakeFiles/CMakeTmp/CheckSymbolExists.c:
/* */
#include <stddef.h>
#include <stdarg.h>
#include <stdlib.h>
#include <string.h>
#include <stdio.h>
#include <wchar.h>
#include <float.h>

int main(int argc, char** argv)
{
  (void)argv;
#ifndef wcslcpy
  return ((int*)(&wcslcpy))[argc];
#else
  (void)argc;
  return 0;
#endif
}
Determining if the _wcsicmp exist failed with the following output:
Change Dir: /home/buz/code/amongus-3d/lib/CMakeFiles/CMakeTmp

Run Build Command(s):/usr/bin/gmake -f Makefile cmTC_f858a/fast && gmake[1]: Entering directory '/home/buz/code/amongus-3d/lib/CMakeFiles/CMakeTmp'
/usr/bin/gmake  -f CMakeFiles/cmTC_f858a.dir/build.make CMakeFiles/cmTC_f858a.dir/build
gmake[2]: Entering directory '/home/buz/code/amongus-3d/lib/CMakeFiles/CMakeTmp'
Building C object CMakeFiles/cmTC_f858a.dir/CheckSymbolExists.c.o
/usr/bin/clang   -idirafter "/home/buz/code/amongus-3d/lib/SDL/src/video/khronos"  -D_GNU_SOURCE=1 -MD -MT CMakeFiles/cmTC_f858a.dir/CheckSymbolExists.c.o -MF CMakeFiles/cmTC_f858a.dir/CheckSymbolExists.c.o.d -o CMakeFiles/cmTC_f858a.dir/CheckSymbolExists.c.o -c /home/buz/code/amongus-3d/lib/CMakeFiles/CMakeTmp/CheckSymbolExists.c
/home/buz/code/amongus-3d/lib/CMakeFiles/CMakeTmp/CheckSymbolExists.c:14:19: error: use of undeclared identifier '_wcsicmp'
  return ((int*)(&_wcsicmp))[argc];
                  ^
1 error generated.
gmake[2]: *** [CMakeFiles/cmTC_f858a.dir/build.make:79: CMakeFiles/cmTC_f858a.dir/CheckSymbolExists.c.o] Error 1
gmake[2]: Leaving directory '/home/buz/code/amongus-3d/lib/CMakeFiles/CMakeTmp'
gmake[1]: *** [Makefile:127: cmTC_f858a/fast] Error 2
gmake[1]: Leaving directory '/home/buz/code/amongus-3d/lib/CMakeFiles/CMakeTmp'


File /home/buz/code/amongus-3d/lib/CMakeFiles/CMakeTmp/CheckSymbolExists.c:
/* */
#include <stddef.h>
#include <stdarg.h>
#include <stdlib.h>
#include <string.h>
#include <stdio.h>
#include <wchar.h>
#include <float.h>

int main(int argc, char** argv)
{
  (void)argv;
#ifndef _wcsicmp
  return ((int*)(&_wcsicmp))[argc];
#else
  (void)argc;
  return 0;
#endif
}
Determining if the _wcsnicmp exist failed with the following output:
Change Dir: /home/buz/code/amongus-3d/lib/CMakeFiles/CMakeTmp

Run Build Command(s):/usr/bin/gmake -f Makefile cmTC_9e3cb/fast && gmake[1]: Entering directory '/home/buz/code/amongus-3d/lib/CMakeFiles/CMakeTmp'
/usr/bin/gmake  -f CMakeFiles/cmTC_9e3cb.dir/build.make CMakeFiles/cmTC_9e3cb.dir/build
gmake[2]: Entering directory '/home/buz/code/amongus-3d/lib/CMakeFiles/CMakeTmp'
Building C object CMakeFiles/cmTC_9e3cb.dir/CheckSymbolExists.c.o
/usr/bin/clang   -idirafter "/home/buz/code/amongus-3d/lib/SDL/src/video/khronos"  -D_GNU_SOURCE=1 -MD -MT CMakeFiles/cmTC_9e3cb.dir/CheckSymbolExists.c.o -MF CMakeFiles/cmTC_9e3cb.dir/CheckSymbolExists.c.o.d -o CMakeFiles/cmTC_9e3cb.dir/CheckSymbolExists.c.o -c /home/buz/code/amongus-3d/lib/CMakeFiles/CMakeTmp/CheckSymbolExists.c
/home/buz/code/amongus-3d/lib/CMakeFiles/CMakeTmp/CheckSymbolExists.c:14:19: error: use of undeclared identifier '_wcsnicmp'; did you mean 'wcsncmp'?
  return ((int*)(&_wcsnicmp))[argc];
                  ^~~~~~~~~
                  wcsncmp
/usr/include/wchar.h:109:12: note: 'wcsncmp' declared here
extern int wcsncmp (const wchar_t *__s1, const wchar_t *__s2, size_t __n)
           ^
1 error generated.
gmake[2]: *** [CMakeFiles/cmTC_9e3cb.dir/build.make:79: CMakeFiles/cmTC_9e3cb.dir/CheckSymbolExists.c.o] Error 1
gmake[2]: Leaving directory '/home/buz/code/amongus-3d/lib/CMakeFiles/CMakeTmp'
gmake[1]: *** [Makefile:127: cmTC_9e3cb/fast] Error 2
gmake[1]: Leaving directory '/home/buz/code/amongus-3d/lib/CMakeFiles/CMakeTmp'


File /home/buz/code/amongus-3d/lib/CMakeFiles/CMakeTmp/CheckSymbolExists.c:
/* */
#include <stddef.h>
#include <stdarg.h>
#include <stdlib.h>
#include <string.h>
#include <stdio.h>
#include <wchar.h>
#include <float.h>

int main(int argc, char** argv)
{
  (void)argv;
#ifndef _wcsnicmp
  return ((int*)(&_wcsnicmp))[argc];
#else
  (void)argc;
  return 0;
#endif
}
Determining if the sysctlbyname exist failed with the following output:
Change Dir: /home/buz/code/amongus-3d/lib/CMakeFiles/CMakeTmp

Run Build Command(s):/usr/bin/gmake -f Makefile cmTC_cbd37/fast && gmake[1]: Entering directory '/home/buz/code/amongus-3d/lib/CMakeFiles/CMakeTmp'
/usr/bin/gmake  -f CMakeFiles/cmTC_cbd37.dir/build.make CMakeFiles/cmTC_cbd37.dir/build
gmake[2]: Entering directory '/home/buz/code/amongus-3d/lib/CMakeFiles/CMakeTmp'
Building C object CMakeFiles/cmTC_cbd37.dir/CheckSymbolExists.c.o
/usr/bin/clang   -idirafter "/home/buz/code/amongus-3d/lib/SDL/src/video/khronos"  -D_GNU_SOURCE=1 -MD -MT CMakeFiles/cmTC_cbd37.dir/CheckSymbolExists.c.o -MF CMakeFiles/cmTC_cbd37.dir/CheckSymbolExists.c.o.d -o CMakeFiles/cmTC_cbd37.dir/CheckSymbolExists.c.o -c /home/buz/code/amongus-3d/lib/CMakeFiles/CMakeTmp/CheckSymbolExists.c
/home/buz/code/amongus-3d/lib/CMakeFiles/CMakeTmp/CheckSymbolExists.c:3:10: fatal error: 'sys/sysctl.h' file not found
#include <sys/sysctl.h>
         ^~~~~~~~~~~~~~
1 error generated.
gmake[2]: *** [CMakeFiles/cmTC_cbd37.dir/build.make:79: CMakeFiles/cmTC_cbd37.dir/CheckSymbolExists.c.o] Error 1
gmake[2]: Leaving directory '/home/buz/code/amongus-3d/lib/CMakeFiles/CMakeTmp'
gmake[1]: *** [Makefile:127: cmTC_cbd37/fast] Error 2
gmake[1]: Leaving directory '/home/buz/code/amongus-3d/lib/CMakeFiles/CMakeTmp'


File /home/buz/code/amongus-3d/lib/CMakeFiles/CMakeTmp/CheckSymbolExists.c:
/* */
#include <sys/types.h>
#include <sys/sysctl.h>

int main(int argc, char** argv)
{
  (void)argv;
#ifndef sysctlbyname
  return ((int*)(&sysctlbyname))[argc];
#else
  (void)argc;
  return 0;
#endif
}
Determining if the elf_aux_info exist failed with the following output:
Change Dir: /home/buz/code/amongus-3d/lib/CMakeFiles/CMakeTmp

Run Build Command(s):/usr/bin/gmake -f Makefile cmTC_4ae8e/fast && gmake[1]: Entering directory '/home/buz/code/amongus-3d/lib/CMakeFiles/CMakeTmp'
/usr/bin/gmake  -f CMakeFiles/cmTC_4ae8e.dir/build.make CMakeFiles/cmTC_4ae8e.dir/build
gmake[2]: Entering directory '/home/buz/code/amongus-3d/lib/CMakeFiles/CMakeTmp'
Building C object CMakeFiles/cmTC_4ae8e.dir/CheckSymbolExists.c.o
/usr/bin/clang   -idirafter "/home/buz/code/amongus-3d/lib/SDL/src/video/khronos"  -D_GNU_SOURCE=1 -MD -MT CMakeFiles/cmTC_4ae8e.dir/CheckSymbolExists.c.o -MF CMakeFiles/cmTC_4ae8e.dir/CheckSymbolExists.c.o.d -o CMakeFiles/cmTC_4ae8e.dir/CheckSymbolExists.c.o -c /home/buz/code/amongus-3d/lib/CMakeFiles/CMakeTmp/CheckSymbolExists.c
/home/buz/code/amongus-3d/lib/CMakeFiles/CMakeTmp/CheckSymbolExists.c:8:19: error: use of undeclared identifier 'elf_aux_info'
  return ((int*)(&elf_aux_info))[argc];
                  ^
1 error generated.
gmake[2]: *** [CMakeFiles/cmTC_4ae8e.dir/build.make:79: CMakeFiles/cmTC_4ae8e.dir/CheckSymbolExists.c.o] Error 1
gmake[2]: Leaving directory '/home/buz/code/amongus-3d/lib/CMakeFiles/CMakeTmp'
gmake[1]: *** [Makefile:127: cmTC_4ae8e/fast] Error 2
gmake[1]: Leaving directory '/home/buz/code/amongus-3d/lib/CMakeFiles/CMakeTmp'


File /home/buz/code/amongus-3d/lib/CMakeFiles/CMakeTmp/CheckSymbolExists.c:
/* */
#include <sys/auxv.h>

int main(int argc, char** argv)
{
  (void)argv;
#ifndef elf_aux_info
  return ((int*)(&elf_aux_info))[argc];
#else
  (void)argc;
  return 0;
#endif
}
Performing C SOURCE FILE Test ICONV_IN_LIBICONV failed with the following output:
Change Dir: /home/buz/code/amongus-3d/lib/CMakeFiles/CMakeTmp

Run Build Command(s):/usr/bin/gmake -f Makefile cmTC_4d8db/fast && gmake[1]: Entering directory '/home/buz/code/amongus-3d/lib/CMakeFiles/CMakeTmp'
/usr/bin/gmake  -f CMakeFiles/cmTC_4d8db.dir/build.make CMakeFiles/cmTC_4d8db.dir/build
gmake[2]: Entering directory '/home/buz/code/amongus-3d/lib/CMakeFiles/CMakeTmp'
Building C object CMakeFiles/cmTC_4d8db.dir/src.c.o
/usr/bin/clang -DICONV_IN_LIBICONV  -idirafter "/home/buz/code/amongus-3d/lib/SDL/src/video/khronos"  -D_GNU_SOURCE=1 -MD -MT CMakeFiles/cmTC_4d8db.dir/src.c.o -MF CMakeFiles/cmTC_4d8db.dir/src.c.o.d -o CMakeFiles/cmTC_4d8db.dir/src.c.o -c /home/buz/code/amongus-3d/lib/CMakeFiles/CMakeTmp/src.c
Linking C executable cmTC_4d8db
/usr/bin/cmake -E cmake_link_script CMakeFiles/cmTC_4d8db.dir/link.txt --verbose=1
/usr/bin/clang  -idirafter "/home/buz/code/amongus-3d/lib/SDL/src/video/khronos"  -D_GNU_SOURCE=1 CMakeFiles/cmTC_4d8db.dir/src.c.o -o cmTC_4d8db  -liconv 
/usr/bin/ld: cannot find -liconv: No such file or directory
clang: error: linker command failed with exit code 1 (use -v to see invocation)
gmake[2]: *** [CMakeFiles/cmTC_4d8db.dir/build.make:100: cmTC_4d8db] Error 1
gmake[2]: Leaving directory '/home/buz/code/amongus-3d/lib/CMakeFiles/CMakeTmp'
gmake[1]: *** [Makefile:127: cmTC_4d8db/fast] Error 2
gmake[1]: Leaving directory '/home/buz/code/amongus-3d/lib/CMakeFiles/CMakeTmp'


Source file was:

        #include <stddef.h>
        #include <iconv.h>
        int main(int argc, char **argv) {
            return !iconv_open(NULL,NULL);
        }
Determining if the alloca exist failed with the following output:
Change Dir: /home/buz/code/amongus-3d/lib/CMakeFiles/CMakeTmp

Run Build Command(s):/usr/bin/gmake -f Makefile cmTC_3f77f/fast && gmake[1]: Entering directory '/home/buz/code/amongus-3d/lib/CMakeFiles/CMakeTmp'
/usr/bin/gmake  -f CMakeFiles/cmTC_3f77f.dir/build.make CMakeFiles/cmTC_3f77f.dir/build
gmake[2]: Entering directory '/home/buz/code/amongus-3d/lib/CMakeFiles/CMakeTmp'
Building C object CMakeFiles/cmTC_3f77f.dir/CheckSymbolExists.c.o
/usr/bin/clang   -idirafter "/home/buz/code/amongus-3d/lib/SDL/src/video/khronos"  -D_GNU_SOURCE=1 -MD -MT CMakeFiles/cmTC_3f77f.dir/CheckSymbolExists.c.o -MF CMakeFiles/cmTC_3f77f.dir/CheckSymbolExists.c.o.d -o CMakeFiles/cmTC_3f77f.dir/CheckSymbolExists.c.o -c /home/buz/code/amongus-3d/lib/CMakeFiles/CMakeTmp/CheckSymbolExists.c
/home/buz/code/amongus-3d/lib/CMakeFiles/CMakeTmp/CheckSymbolExists.c:8:19: warning: implicitly declaring library function 'alloca' with type 'void *(unsigned long)' [-Wimplicit-function-declaration]
  return ((int*)(&alloca))[argc];
                  ^
/home/buz/code/amongus-3d/lib/CMakeFiles/CMakeTmp/CheckSymbolExists.c:8:19: note: include the header <stdlib.h> or explicitly provide a declaration for 'alloca'
1 warning generated.
Linking C executable cmTC_3f77f
/usr/bin/cmake -E cmake_link_script CMakeFiles/cmTC_3f77f.dir/link.txt --verbose=1
/usr/bin/clang  -idirafter "/home/buz/code/amongus-3d/lib/SDL/src/video/khronos"  -D_GNU_SOURCE=1 CMakeFiles/cmTC_3f77f.dir/CheckSymbolExists.c.o -o cmTC_3f77f 
/usr/bin/ld: CMakeFiles/cmTC_3f77f.dir/CheckSymbolExists.c.o: in function `main':
CheckSymbolExists.c:(.text+0x19): undefined reference to `alloca'
clang: error: linker command failed with exit code 1 (use -v to see invocation)
gmake[2]: *** [CMakeFiles/cmTC_3f77f.dir/build.make:100: cmTC_3f77f] Error 1
gmake[2]: Leaving directory '/home/buz/code/amongus-3d/lib/CMakeFiles/CMakeTmp'
gmake[1]: *** [Makefile:127: cmTC_3f77f/fast] Error 2
gmake[1]: Leaving directory '/home/buz/code/amongus-3d/lib/CMakeFiles/CMakeTmp'


File /home/buz/code/amongus-3d/lib/CMakeFiles/CMakeTmp/CheckSymbolExists.c:
/* */
#include <malloc.h>

int main(int argc, char** argv)
{
  (void)argv;
#ifndef alloca
  return ((int*)(&alloca))[argc];
#else
  (void)argc;
  return 0;
#endif
}
Performing C SOURCE FILE Test HAVE_RPI failed with the following output:
Change Dir: /home/buz/code/amongus-3d/lib/CMakeFiles/CMakeTmp

Run Build Command(s):/usr/bin/gmake -f Makefile cmTC_2e5f0/fast && gmake[1]: Entering directory '/home/buz/code/amongus-3d/lib/CMakeFiles/CMakeTmp'
/usr/bin/gmake  -f CMakeFiles/cmTC_2e5f0.dir/build.make CMakeFiles/cmTC_2e5f0.dir/build
gmake[2]: Entering directory '/home/buz/code/amongus-3d/lib/CMakeFiles/CMakeTmp'
Building C object CMakeFiles/cmTC_2e5f0.dir/src.c.o
/usr/bin/clang -DHAVE_RPI  -idirafter "/home/buz/code/amongus-3d/lib/SDL/src/video/khronos"  -D_GNU_SOURCE=1  -I/opt/vc/include -I/opt/vc/include/interface/vcos/pthreads -I/opt/vc/include/interface/vmcs_host/linux/  -L/opt/vc/lib -MD -MT CMakeFiles/cmTC_2e5f0.dir/src.c.o -MF CMakeFiles/cmTC_2e5f0.dir/src.c.o.d -o CMakeFiles/cmTC_2e5f0.dir/src.c.o -c /home/buz/code/amongus-3d/lib/CMakeFiles/CMakeTmp/src.c
clang: warning: argument unused during compilation: '-L/opt/vc/lib' [-Wunused-command-line-argument]
/home/buz/code/amongus-3d/lib/CMakeFiles/CMakeTmp/src.c:2:18: fatal error: 'bcm_host.h' file not found
        #include <bcm_host.h>
                 ^~~~~~~~~~~~
1 error generated.
gmake[2]: *** [CMakeFiles/cmTC_2e5f0.dir/build.make:79: CMakeFiles/cmTC_2e5f0.dir/src.c.o] Error 1
gmake[2]: Leaving directory '/home/buz/code/amongus-3d/lib/CMakeFiles/CMakeTmp'
gmake[1]: *** [Makefile:127: cmTC_2e5f0/fast] Error 2
gmake[1]: Leaving directory '/home/buz/code/amongus-3d/lib/CMakeFiles/CMakeTmp'


Source file was:

        #include <bcm_host.h>
        #include <EGL/eglplatform.h>
        int main(int argc, char **argv) {
          EGL_DISPMANX_WINDOW_T window;
          bcm_host_init();
        }
Determining if the libdecor_frame_get_max_content_size exist failed with the following output:
Change Dir: /home/buz/code/amongus-3d/lib/CMakeFiles/CMakeTmp

Run Build Command(s):/usr/bin/gmake -f Makefile cmTC_8b2b7/fast && gmake[1]: Entering directory '/home/buz/code/amongus-3d/lib/CMakeFiles/CMakeTmp'
/usr/bin/gmake  -f CMakeFiles/cmTC_8b2b7.dir/build.make CMakeFiles/cmTC_8b2b7.dir/build
gmake[2]: Entering directory '/home/buz/code/amongus-3d/lib/CMakeFiles/CMakeTmp'
Building C object CMakeFiles/cmTC_8b2b7.dir/CheckSymbolExists.c.o
/usr/bin/clang  -I/usr/include/libdecor-0 -idirafter "/home/buz/code/amongus-3d/lib/SDL/src/video/khronos"  -D_GNU_SOURCE=1 -MD -MT CMakeFiles/cmTC_8b2b7.dir/CheckSymbolExists.c.o -MF CMakeFiles/cmTC_8b2b7.dir/CheckSymbolExists.c.o.d -o CMakeFiles/cmTC_8b2b7.dir/CheckSymbolExists.c.o -c /home/buz/code/amongus-3d/lib/CMakeFiles/CMakeTmp/CheckSymbolExists.c
/home/buz/code/amongus-3d/lib/CMakeFiles/CMakeTmp/CheckSymbolExists.c:8:19: error: use of undeclared identifier 'libdecor_frame_get_max_content_size'; did you mean 'libdecor_frame_set_max_content_size'?
  return ((int*)(&libdecor_frame_get_max_content_size))[argc];
                  ^~~~~~~~~~~~~~~~~~~~~~~~~~~~~~~~~~~
                  libdecor_frame_set_max_content_size
/usr/include/libdecor-0/libdecor.h:355:1: note: 'libdecor_frame_set_max_content_size' declared here
libdecor_frame_set_max_content_size(struct libdecor_frame *frame,
^
1 error generated.
gmake[2]: *** [CMakeFiles/cmTC_8b2b7.dir/build.make:79: CMakeFiles/cmTC_8b2b7.dir/CheckSymbolExists.c.o] Error 1
gmake[2]: Leaving directory '/home/buz/code/amongus-3d/lib/CMakeFiles/CMakeTmp'
gmake[1]: *** [Makefile:127: cmTC_8b2b7/fast] Error 2
gmake[1]: Leaving directory '/home/buz/code/amongus-3d/lib/CMakeFiles/CMakeTmp'


File /home/buz/code/amongus-3d/lib/CMakeFiles/CMakeTmp/CheckSymbolExists.c:
/* */
#include <libdecor.h>

int main(int argc, char** argv)
{
  (void)argv;
#ifndef libdecor_frame_get_max_content_size
  return ((int*)(&libdecor_frame_get_max_content_size))[argc];
#else
  (void)argc;
  return 0;
#endif
}
Determining if the libdecor_frame_get_min_content_size exist failed with the following output:
Change Dir: /home/buz/code/amongus-3d/lib/CMakeFiles/CMakeTmp

Run Build Command(s):/usr/bin/gmake -f Makefile cmTC_21506/fast && gmake[1]: Entering directory '/home/buz/code/amongus-3d/lib/CMakeFiles/CMakeTmp'
/usr/bin/gmake  -f CMakeFiles/cmTC_21506.dir/build.make CMakeFiles/cmTC_21506.dir/build
gmake[2]: Entering directory '/home/buz/code/amongus-3d/lib/CMakeFiles/CMakeTmp'
Building C object CMakeFiles/cmTC_21506.dir/CheckSymbolExists.c.o
/usr/bin/clang  -I/usr/include/libdecor-0 -idirafter "/home/buz/code/amongus-3d/lib/SDL/src/video/khronos"  -D_GNU_SOURCE=1 -MD -MT CMakeFiles/cmTC_21506.dir/CheckSymbolExists.c.o -MF CMakeFiles/cmTC_21506.dir/CheckSymbolExists.c.o.d -o CMakeFiles/cmTC_21506.dir/CheckSymbolExists.c.o -c /home/buz/code/amongus-3d/lib/CMakeFiles/CMakeTmp/CheckSymbolExists.c
/home/buz/code/amongus-3d/lib/CMakeFiles/CMakeTmp/CheckSymbolExists.c:8:19: error: use of undeclared identifier 'libdecor_frame_get_min_content_size'; did you mean 'libdecor_frame_set_min_content_size'?
  return ((int*)(&libdecor_frame_get_min_content_size))[argc];
                  ^~~~~~~~~~~~~~~~~~~~~~~~~~~~~~~~~~~
                  libdecor_frame_set_min_content_size
/usr/include/libdecor-0/libdecor.h:365:1: note: 'libdecor_frame_set_min_content_size' declared here
libdecor_frame_set_min_content_size(struct libdecor_frame *frame,
^
1 error generated.
gmake[2]: *** [CMakeFiles/cmTC_21506.dir/build.make:79: CMakeFiles/cmTC_21506.dir/CheckSymbolExists.c.o] Error 1
gmake[2]: Leaving directory '/home/buz/code/amongus-3d/lib/CMakeFiles/CMakeTmp'
gmake[1]: *** [Makefile:127: cmTC_21506/fast] Error 2
gmake[1]: Leaving directory '/home/buz/code/amongus-3d/lib/CMakeFiles/CMakeTmp'


File /home/buz/code/amongus-3d/lib/CMakeFiles/CMakeTmp/CheckSymbolExists.c:
/* */
#include <libdecor.h>

int main(int argc, char** argv)
{
  (void)argv;
#ifndef libdecor_frame_get_min_content_size
  return ((int*)(&libdecor_frame_get_min_content_size))[argc];
#else
  (void)argc;
  return 0;
#endif
}
Performing C SOURCE FILE Test HAVE_VIVANTE_VDK failed with the following output:
Change Dir: /home/buz/code/amongus-3d/lib/CMakeFiles/CMakeTmp

Run Build Command(s):/usr/bin/gmake -f Makefile cmTC_677b2/fast && gmake[1]: Entering directory '/home/buz/code/amongus-3d/lib/CMakeFiles/CMakeTmp'
/usr/bin/gmake  -f CMakeFiles/cmTC_677b2.dir/build.make CMakeFiles/cmTC_677b2.dir/build
gmake[2]: Entering directory '/home/buz/code/amongus-3d/lib/CMakeFiles/CMakeTmp'
Building C object CMakeFiles/cmTC_677b2.dir/src.c.o
/usr/bin/clang -DHAVE_VIVANTE_VDK  -idirafter "/home/buz/code/amongus-3d/lib/SDL/src/video/khronos"  -D_GNU_SOURCE=1 -MD -MT CMakeFiles/cmTC_677b2.dir/src.c.o -MF CMakeFiles/cmTC_677b2.dir/src.c.o.d -o CMakeFiles/cmTC_677b2.dir/src.c.o -c /home/buz/code/amongus-3d/lib/CMakeFiles/CMakeTmp/src.c
/home/buz/code/amongus-3d/lib/CMakeFiles/CMakeTmp/src.c:2:18: fatal error: 'gc_vdk.h' file not found
        #include <gc_vdk.h>
                 ^~~~~~~~~~
1 error generated.
gmake[2]: *** [CMakeFiles/cmTC_677b2.dir/build.make:79: CMakeFiles/cmTC_677b2.dir/src.c.o] Error 1
gmake[2]: Leaving directory '/home/buz/code/amongus-3d/lib/CMakeFiles/CMakeTmp'
gmake[1]: *** [Makefile:127: cmTC_677b2/fast] Error 2
gmake[1]: Leaving directory '/home/buz/code/amongus-3d/lib/CMakeFiles/CMakeTmp'


Source file was:

        #include <gc_vdk.h>
        int main(int argc, char** argv) { return 0; }
Performing C SOURCE FILE Test HAVE_VIVANTE_EGL_FB failed with the following output:
Change Dir: /home/buz/code/amongus-3d/lib/CMakeFiles/CMakeTmp

Run Build Command(s):/usr/bin/gmake -f Makefile cmTC_0c7dd/fast && gmake[1]: Entering directory '/home/buz/code/amongus-3d/lib/CMakeFiles/CMakeTmp'
/usr/bin/gmake  -f CMakeFiles/cmTC_0c7dd.dir/build.make CMakeFiles/cmTC_0c7dd.dir/build
gmake[2]: Entering directory '/home/buz/code/amongus-3d/lib/CMakeFiles/CMakeTmp'
Building C object CMakeFiles/cmTC_0c7dd.dir/src.c.o
/usr/bin/clang -DHAVE_VIVANTE_EGL_FB  -idirafter "/home/buz/code/amongus-3d/lib/SDL/src/video/khronos"  -D_GNU_SOURCE=1 -MD -MT CMakeFiles/cmTC_0c7dd.dir/src.c.o -MF CMakeFiles/cmTC_0c7dd.dir/src.c.o.d -o CMakeFiles/cmTC_0c7dd.dir/src.c.o -c /home/buz/code/amongus-3d/lib/CMakeFiles/CMakeTmp/src.c
/home/buz/code/amongus-3d/lib/CMakeFiles/CMakeTmp/src.c:4:18: fatal error: 'EGL/eglvivante.h' file not found
        #include <EGL/eglvivante.h>
                 ^~~~~~~~~~~~~~~~~~
1 error generated.
gmake[2]: *** [CMakeFiles/cmTC_0c7dd.dir/build.make:79: CMakeFiles/cmTC_0c7dd.dir/src.c.o] Error 1
gmake[2]: Leaving directory '/home/buz/code/amongus-3d/lib/CMakeFiles/CMakeTmp'
gmake[1]: *** [Makefile:127: cmTC_0c7dd/fast] Error 2
gmake[1]: Leaving directory '/home/buz/code/amongus-3d/lib/CMakeFiles/CMakeTmp'


Source file was:

        #define LINUX
        #define EGL_API_FB
        #include <EGL/eglvivante.h>
        int main(int argc, char** argv) { return 0; }
Performing C SOURCE FILE Test LIBC_HAS_WORKING_LIBUNWIND failed with the following output:
Change Dir: /home/buz/code/amongus-3d/lib/CMakeFiles/CMakeTmp

Run Build Command(s):/usr/bin/gmake -f Makefile cmTC_51d8f/fast && gmake[1]: Entering directory '/home/buz/code/amongus-3d/lib/CMakeFiles/CMakeTmp'
/usr/bin/gmake  -f CMakeFiles/cmTC_51d8f.dir/build.make CMakeFiles/cmTC_51d8f.dir/build
gmake[2]: Entering directory '/home/buz/code/amongus-3d/lib/CMakeFiles/CMakeTmp'
Building C object CMakeFiles/cmTC_51d8f.dir/src.c.o
/usr/bin/clang -DLIBC_HAS_WORKING_LIBUNWIND  -idirafter "/home/buz/code/amongus-3d/lib/SDL/src/video/khronos"  -D_GNU_SOURCE=1 -MD -MT CMakeFiles/cmTC_51d8f.dir/src.c.o -MF CMakeFiles/cmTC_51d8f.dir/src.c.o.d -o CMakeFiles/cmTC_51d8f.dir/src.c.o -c /home/buz/code/amongus-3d/lib/CMakeFiles/CMakeTmp/src.c
/home/buz/code/amongus-3d/lib/CMakeFiles/CMakeTmp/src.c:1:10: fatal error: 'libunwind.h' file not found
#include <libunwind.h>
         ^~~~~~~~~~~~~
1 error generated.
gmake[2]: *** [CMakeFiles/cmTC_51d8f.dir/build.make:79: CMakeFiles/cmTC_51d8f.dir/src.c.o] Error 1
gmake[2]: Leaving directory '/home/buz/code/amongus-3d/lib/CMakeFiles/CMakeTmp'
gmake[1]: *** [Makefile:127: cmTC_51d8f/fast] Error 2
gmake[1]: Leaving directory '/home/buz/code/amongus-3d/lib/CMakeFiles/CMakeTmp'


Source file was:
#include <libunwind.h>
int main() {unw_context_t context; unw_getcontext(&context); return 0;}
Performing C SOURCE FILE Test LIBUNWIND_HAS_WORKINGLIBUNWIND failed with the following output:
Change Dir: /home/buz/code/amongus-3d/lib/CMakeFiles/CMakeTmp

Run Build Command(s):/usr/bin/gmake -f Makefile cmTC_1804e/fast && gmake[1]: Entering directory '/home/buz/code/amongus-3d/lib/CMakeFiles/CMakeTmp'
/usr/bin/gmake  -f CMakeFiles/cmTC_1804e.dir/build.make CMakeFiles/cmTC_1804e.dir/build
gmake[2]: Entering directory '/home/buz/code/amongus-3d/lib/CMakeFiles/CMakeTmp'
Building C object CMakeFiles/cmTC_1804e.dir/src.c.o
/usr/bin/clang -DLIBUNWIND_HAS_WORKINGLIBUNWIND  -idirafter "/home/buz/code/amongus-3d/lib/SDL/src/video/khronos"  -D_GNU_SOURCE=1 -MD -MT CMakeFiles/cmTC_1804e.dir/src.c.o -MF CMakeFiles/cmTC_1804e.dir/src.c.o.d -o CMakeFiles/cmTC_1804e.dir/src.c.o -c /home/buz/code/amongus-3d/lib/CMakeFiles/CMakeTmp/src.c
/home/buz/code/amongus-3d/lib/CMakeFiles/CMakeTmp/src.c:1:10: fatal error: 'libunwind.h' file not found
#include <libunwind.h>
         ^~~~~~~~~~~~~
1 error generated.
gmake[2]: *** [CMakeFiles/cmTC_1804e.dir/build.make:79: CMakeFiles/cmTC_1804e.dir/src.c.o] Error 1
gmake[2]: Leaving directory '/home/buz/code/amongus-3d/lib/CMakeFiles/CMakeTmp'
gmake[1]: *** [Makefile:127: cmTC_1804e/fast] Error 2
gmake[1]: Leaving directory '/home/buz/code/amongus-3d/lib/CMakeFiles/CMakeTmp'


Source file was:
#include <libunwind.h>
int main() {unw_context_t context; unw_getcontext(&context); return 0;}
Determining if files pthread_np.h exist failed with the following output:
Change Dir: /home/buz/code/amongus-3d/lib/CMakeFiles/CMakeTmp

Run Build Command(s):/usr/bin/gmake -f Makefile cmTC_c63bd/fast && gmake[1]: Entering directory '/home/buz/code/amongus-3d/lib/CMakeFiles/CMakeTmp'
/usr/bin/gmake  -f CMakeFiles/cmTC_c63bd.dir/build.make CMakeFiles/cmTC_c63bd.dir/build
gmake[2]: Entering directory '/home/buz/code/amongus-3d/lib/CMakeFiles/CMakeTmp'
Building C object CMakeFiles/cmTC_c63bd.dir/HAVE_PTHREAD_NP_H.c.o
/usr/bin/clang   -idirafter "/home/buz/code/amongus-3d/lib/SDL/src/video/khronos"  -D_GNU_SOURCE=1 -D_REENTRANT -pthread -MD -MT CMakeFiles/cmTC_c63bd.dir/HAVE_PTHREAD_NP_H.c.o -MF CMakeFiles/cmTC_c63bd.dir/HAVE_PTHREAD_NP_H.c.o.d -o CMakeFiles/cmTC_c63bd.dir/HAVE_PTHREAD_NP_H.c.o -c /home/buz/code/amongus-3d/lib/CMakeFiles/CheckIncludeFiles/HAVE_PTHREAD_NP_H.c
/home/buz/code/amongus-3d/lib/CMakeFiles/CheckIncludeFiles/HAVE_PTHREAD_NP_H.c:2:10: fatal error: 'pthread_np.h' file not found
#include <pthread_np.h>
         ^~~~~~~~~~~~~~
1 error generated.
gmake[2]: *** [CMakeFiles/cmTC_c63bd.dir/build.make:79: CMakeFiles/cmTC_c63bd.dir/HAVE_PTHREAD_NP_H.c.o] Error 1
gmake[2]: Leaving directory '/home/buz/code/amongus-3d/lib/CMakeFiles/CMakeTmp'
gmake[1]: *** [Makefile:127: cmTC_c63bd/fast] Error 2
gmake[1]: Leaving directory '/home/buz/code/amongus-3d/lib/CMakeFiles/CMakeTmp'


Source:
/* */
#include <pthread_np.h>


int main(void){return 0;}

Determining if the include file samplerate.h exists failed with the following output:
Change Dir: /home/buz/code/amongus-3d/lib/CMakeFiles/CMakeTmp

Run Build Command(s):/usr/bin/gmake -f Makefile cmTC_6bf05/fast && gmake[1]: Entering directory '/home/buz/code/amongus-3d/lib/CMakeFiles/CMakeTmp'
/usr/bin/gmake  -f CMakeFiles/cmTC_6bf05.dir/build.make CMakeFiles/cmTC_6bf05.dir/build
gmake[2]: Entering directory '/home/buz/code/amongus-3d/lib/CMakeFiles/CMakeTmp'
Building C object CMakeFiles/cmTC_6bf05.dir/CheckIncludeFile.c.o
/usr/bin/clang   -idirafter "/home/buz/code/amongus-3d/lib/SDL/src/video/khronos" -DHAVE_LINUX_VERSION_H  -D_GNU_SOURCE=1 -MD -MT CMakeFiles/cmTC_6bf05.dir/CheckIncludeFile.c.o -MF CMakeFiles/cmTC_6bf05.dir/CheckIncludeFile.c.o.d -o CMakeFiles/cmTC_6bf05.dir/CheckIncludeFile.c.o -c /home/buz/code/amongus-3d/lib/CMakeFiles/CMakeTmp/CheckIncludeFile.c
/home/buz/code/amongus-3d/lib/CMakeFiles/CMakeTmp/CheckIncludeFile.c:1:10: fatal error: 'samplerate.h' file not found
#include <samplerate.h>
         ^~~~~~~~~~~~~~
1 error generated.
gmake[2]: *** [CMakeFiles/cmTC_6bf05.dir/build.make:79: CMakeFiles/cmTC_6bf05.dir/CheckIncludeFile.c.o] Error 1
gmake[2]: Leaving directory '/home/buz/code/amongus-3d/lib/CMakeFiles/CMakeTmp'
gmake[1]: *** [Makefile:127: cmTC_6bf05/fast] Error 2
gmake[1]: Leaving directory '/home/buz/code/amongus-3d/lib/CMakeFiles/CMakeTmp'



